<?xml version="1.0" encoding="UTF-8"?>
<testng-results skipped="0" failed="0" ignored="0" total="2" passed="2">
  <reporter-output>
  </reporter-output>
  <suite name="Sushil" duration-ms="34" started-at="2020-08-12T08:10:38Z" finished-at="2020-08-12T08:10:38Z">
    <groups>
    </groups>
    <test name="Test" duration-ms="34" started-at="2020-08-12T08:10:38Z" finished-at="2020-08-12T08:10:38Z">
      <class name="Demo.OnlyPractice1">
        <test-method status="PASS" signature="m1()[pri:0, instance:Demo.OnlyPractice1@8b96fde]" name="m1" is-config="true" duration-ms="14" started-at="2020-08-12T08:10:38Z" finished-at="2020-08-12T08:10:38Z">
          <reporter-output>
          </reporter-output>
        </test-method> <!-- m1 -->
        <test-method status="PASS" signature="m1()[pri:0, instance:Demo.OnlyPractice2@2d2e5f00]" name="m1" is-config="true" duration-ms="1" started-at="2020-08-12T08:10:38Z" finished-at="2020-08-12T08:10:38Z">
          <reporter-output>
          </reporter-output>
        </test-method> <!-- m1 -->
        <test-method status="PASS" signature="m2()[pri:0, instance:Demo.OnlyPractice1@8b96fde]" name="m2" is-config="true" duration-ms="1" started-at="2020-08-12T08:10:38Z" finished-at="2020-08-12T08:10:38Z">
          <reporter-output>
          </reporter-output>
        </test-method> <!-- m2 -->
        <test-method status="PASS" signature="m2()[pri:0, instance:Demo.OnlyPractice2@2d2e5f00]" name="m2" is-config="true" duration-ms="0" started-at="2020-08-12T08:10:38Z" finished-at="2020-08-12T08:10:38Z">
          <reporter-output>
          </reporter-output>
        </test-method> <!-- m2 -->
        <test-method status="PASS" signature="m3()[pri:0, instance:Demo.OnlyPractice1@8b96fde]" name="m3" is-config="true" duration-ms="0" started-at="2020-08-12T08:10:38Z" finished-at="2020-08-12T08:10:38Z">
          <reporter-output>
          </reporter-output>
        </test-method> <!-- m3 -->
        <test-method status="PASS" signature="m5()[pri:0, instance:Demo.OnlyPractice1@8b96fde]" name="m5" duration-ms="5" started-at="2020-08-12T08:10:38Z" finished-at="2020-08-12T08:10:38Z">
          <reporter-output>
          </reporter-output>
        </test-method> <!-- m5 -->
        <test-method status="PASS" signature="m4()[pri:0, instance:Demo.OnlyPractice1@8b96fde]" name="m4" is-config="true" duration-ms="0" started-at="2020-08-12T08:10:38Z" finished-at="2020-08-12T08:10:38Z">
          <reporter-output>
          </reporter-output>
        </test-method> <!-- m4 -->
        <test-method status="PASS" signature="m8()[pri:0, instance:Demo.OnlyPractice1@8b96fde]" name="m8" is-config="true" duration-ms="1" started-at="2020-08-12T08:10:38Z" finished-at="2020-08-12T08:10:38Z">
          <reporter-output>
          </reporter-output>
        </test-method> <!-- m8 -->
        <test-method status="PASS" signature="m7()[pri:0, instance:Demo.OnlyPractice1@8b96fde]" name="m7" is-config="true" duration-ms="1" started-at="2020-08-12T08:10:38Z" finished-at="2020-08-12T08:10:38Z">
          <reporter-output>
          </reporter-output>
        </test-method> <!-- m7 -->
        <test-method status="PASS" signature="m6()[pri:0, instance:Demo.OnlyPractice1@8b96fde]" name="m6" is-config="true" duration-ms="0" started-at="2020-08-12T08:10:38Z" finished-at="2020-08-12T08:10:38Z">
          <reporter-output>
          </reporter-output>
        </test-method> <!-- m6 -->
        <test-method status="PASS" signature="m6()[pri:0, instance:Demo.OnlyPractice2@2d2e5f00]" name="m6" is-config="true" duration-ms="0" started-at="2020-08-12T08:10:38Z" finished-at="2020-08-12T08:10:38Z">
          <reporter-output>
          </reporter-output>
        </test-method> <!-- m6 -->
        <test-method status="PASS" signature="m9()[pri:0, instance:Demo.OnlyPractice1@8b96fde]" name="m9" is-config="true" duration-ms="1" started-at="2020-08-12T08:10:38Z" finished-at="2020-08-12T08:10:38Z">
          <reporter-output>
          </reporter-output>
        </test-method> <!-- m9 -->
        <test-method status="PASS" signature="m9()[pri:0, instance:Demo.OnlyPractice2@2d2e5f00]" name="m9" is-config="true" duration-ms="1" started-at="2020-08-12T08:10:38Z" finished-at="2020-08-12T08:10:38Z">
          <reporter-output>
          </reporter-output>
        </test-method> <!-- m9 -->
      </class> <!-- Demo.OnlyPractice1 -->
      <class name="Demo.OnlyPractice2">
        <test-method status="PASS" signature="m3()[pri:0, instance:Demo.OnlyPractice2@2d2e5f00]" name="m3" is-config="true" duration-ms="0" started-at="2020-08-12T08:10:38Z" finished-at="2020-08-12T08:10:38Z">
          <reporter-output>
          </reporter-output>
        </test-method> <!-- m3 -->
        <test-method status="PASS" signature="m4()[pri:0, instance:Demo.OnlyPractice2@2d2e5f00]" name="m4" is-config="true" duration-ms="0" started-at="2020-08-12T08:10:38Z" finished-at="2020-08-12T08:10:38Z">
          <reporter-output>
          </reporter-output>
        </test-method> <!-- m4 -->
        <test-method status="PASS" signature="m5()[pri:0, instance:Demo.OnlyPractice2@2d2e5f00]" name="m5" duration-ms="2" started-at="2020-08-12T08:10:38Z" finished-at="2020-08-12T08:10:38Z">
          <reporter-output>
          </reporter-output>
        </test-method> <!-- m5 -->
        <test-method status="PASS" signature="m8()[pri:0, instance:Demo.OnlyPractice2@2d2e5f00]" name="m8" is-config="true" duration-ms="0" started-at="2020-08-12T08:10:38Z" finished-at="2020-08-12T08:10:38Z">
          <reporter-output>
          </reporter-output>
        </test-method> <!-- m8 -->
        <test-method status="PASS" signature="m7()[pri:0, instance:Demo.OnlyPractice2@2d2e5f00]" name="m7" is-config="true" duration-ms="0" started-at="2020-08-12T08:10:38Z" finished-at="2020-08-12T08:10:38Z">
          <reporter-output>
          </reporter-output>
        </test-method> <!-- m7 -->
      </class> <!-- Demo.OnlyPractice2 -->
    </test> <!-- Test -->
  </suite> <!-- Sushil -->
</testng-results>
